0 info it worked if it ends with ok
1 verbose cli [ '/usr/local/bin/node',
1 verbose cli   '/usr/local/bin/npm',
1 verbose cli   'install',
1 verbose cli   '-g',
1 verbose cli   'flightplan',
1 verbose cli   'sudo' ]
2 info using npm@1.4.28
3 info using node@v0.10.33
4 verbose cache add [ 'flightplan', null ]
5 verbose cache add name=undefined spec="flightplan" args=["flightplan",null]
6 verbose parsed url { protocol: null,
6 verbose parsed url   slashes: null,
6 verbose parsed url   auth: null,
6 verbose parsed url   host: null,
6 verbose parsed url   port: null,
6 verbose parsed url   hostname: null,
6 verbose parsed url   hash: null,
6 verbose parsed url   search: null,
6 verbose parsed url   query: null,
6 verbose parsed url   pathname: 'flightplan',
6 verbose parsed url   path: 'flightplan',
6 verbose parsed url   href: 'flightplan' }
7 verbose cache add [ 'sudo', null ]
8 verbose cache add name=undefined spec="sudo" args=["sudo",null]
9 verbose parsed url { protocol: null,
9 verbose parsed url   slashes: null,
9 verbose parsed url   auth: null,
9 verbose parsed url   host: null,
9 verbose parsed url   port: null,
9 verbose parsed url   hostname: null,
9 verbose parsed url   hash: null,
9 verbose parsed url   search: null,
9 verbose parsed url   query: null,
9 verbose parsed url   pathname: 'sudo',
9 verbose parsed url   path: 'sudo',
9 verbose parsed url   href: 'sudo' }
10 silly lockFile b44a8fdf-flightplan flightplan
11 verbose lock flightplan /Users/Lars-mac/.npm/b44a8fdf-flightplan.lock
12 silly lockFile 836c626d-sudo sudo
13 verbose lock sudo /Users/Lars-mac/.npm/836c626d-sudo.lock
14 silly lockFile b44a8fdf-flightplan flightplan
15 silly lockFile b44a8fdf-flightplan flightplan
16 silly lockFile 836c626d-sudo sudo
17 silly lockFile 836c626d-sudo sudo
18 verbose addNamed [ 'flightplan', '' ]
19 verbose addNamed [ null, '*' ]
20 silly lockFile 08282d64-flightplan flightplan@
21 verbose lock flightplan@ /Users/Lars-mac/.npm/08282d64-flightplan.lock
22 verbose addNamed [ 'sudo', '' ]
23 verbose addNamed [ null, '*' ]
24 silly lockFile f2741ec4-sudo sudo@
25 verbose lock sudo@ /Users/Lars-mac/.npm/f2741ec4-sudo.lock
26 silly addNameRange { name: 'flightplan', range: '*', hasData: false }
27 silly addNameRange { name: 'sudo', range: '*', hasData: false }
28 verbose request where is /sudo
29 verbose request registry https://registry.npmjs.org/
30 verbose request id a179e6106bedde31
31 verbose url raw /sudo
32 verbose url resolving [ 'https://registry.npmjs.org/', './sudo' ]
33 verbose url resolved https://registry.npmjs.org/sudo
34 verbose request where is https://registry.npmjs.org/sudo
35 info trying registry request attempt 1 at 11:29:42
36 http GET https://registry.npmjs.org/sudo
37 verbose request where is /flightplan
38 verbose request registry https://registry.npmjs.org/
39 verbose url raw /flightplan
40 verbose url resolving [ 'https://registry.npmjs.org/', './flightplan' ]
41 verbose url resolved https://registry.npmjs.org/flightplan
42 verbose request where is https://registry.npmjs.org/flightplan
43 info trying registry request attempt 1 at 11:29:42
44 verbose etag "1Q76LTNUA6S62NF06AGCBHFEW"
45 http GET https://registry.npmjs.org/flightplan
46 http 304 https://registry.npmjs.org/flightplan
47 silly registry.get cb [ 304,
47 silly registry.get   { date: 'Thu, 15 Jan 2015 10:29:43 GMT',
47 silly registry.get     server: 'Apache',
47 silly registry.get     via: '1.1 varnish',
47 silly registry.get     'last-modified': 'Thu, 15 Jan 2015 10:29:43 GMT',
47 silly registry.get     'cache-control': 'max-age=60',
47 silly registry.get     etag: '"1Q76LTNUA6S62NF06AGCBHFEW"',
47 silly registry.get     age: '23',
47 silly registry.get     'x-served-by': 'cache-ams4142-AMS',
47 silly registry.get     'x-cache': 'HIT',
47 silly registry.get     'x-cache-hits': '1',
47 silly registry.get     'x-timer': 'S1421317783.027144,VS0,VE0',
47 silly registry.get     vary: 'Accept',
47 silly registry.get     'content-length': '0',
47 silly registry.get     'keep-alive': 'timeout=10, max=50',
47 silly registry.get     connection: 'Keep-Alive' } ]
48 verbose etag https://registry.npmjs.org/flightplan from cache
49 silly addNameRange number 2 { name: 'flightplan', range: '*', hasData: true }
50 silly addNameRange versions [ 'flightplan',
50 silly addNameRange   [ '0.1.0-rc1',
50 silly addNameRange     '0.1.0-rc2',
50 silly addNameRange     '0.1.0',
50 silly addNameRange     '0.1.1',
50 silly addNameRange     '0.1.2',
50 silly addNameRange     '0.1.3',
50 silly addNameRange     '0.1.4',
50 silly addNameRange     '0.1.5',
50 silly addNameRange     '0.1.6',
50 silly addNameRange     '0.1.7',
50 silly addNameRange     '0.1.8',
50 silly addNameRange     '0.1.9',
50 silly addNameRange     '0.1.10',
50 silly addNameRange     '0.2.0',
50 silly addNameRange     '0.3.0',
50 silly addNameRange     '0.3.1',
50 silly addNameRange     '0.3.2',
50 silly addNameRange     '0.3.3',
50 silly addNameRange     '0.3.4',
50 silly addNameRange     '0.4.0',
50 silly addNameRange     '0.4.1',
50 silly addNameRange     '0.4.2',
50 silly addNameRange     '0.4.3',
50 silly addNameRange     '0.4.4',
50 silly addNameRange     '0.4.5',
50 silly addNameRange     '0.5.0',
50 silly addNameRange     '0.5.1',
50 silly addNameRange     '0.5.2',
50 silly addNameRange     '0.5.3',
50 silly addNameRange     '0.5.4',
50 silly addNameRange     '0.5.5' ] ]
51 verbose addNamed [ 'flightplan', '0.5.5' ]
52 verbose addNamed [ '0.5.5', '0.5.5' ]
53 silly lockFile 2c14def8-flightplan-0-5-5 flightplan@0.5.5
54 verbose lock flightplan@0.5.5 /Users/Lars-mac/.npm/2c14def8-flightplan-0-5-5.lock
55 silly lockFile 2c14def8-flightplan-0-5-5 flightplan@0.5.5
56 silly lockFile 2c14def8-flightplan-0-5-5 flightplan@0.5.5
57 silly lockFile 08282d64-flightplan flightplan@
58 silly lockFile 08282d64-flightplan flightplan@
59 http 200 https://registry.npmjs.org/sudo
60 silly registry.get cb [ 200,
60 silly registry.get   { date: 'Thu, 15 Jan 2015 10:29:43 GMT',
60 silly registry.get     server: 'CouchDB/1.5.0 (Erlang OTP/R16B03)',
60 silly registry.get     etag: '"6Q5AJ5DVGS9K10ROZ3GFEEQCJ"',
60 silly registry.get     'content-type': 'application/json',
60 silly registry.get     'cache-control': 'max-age=60',
60 silly registry.get     'content-length': '10353',
60 silly registry.get     'accept-ranges': 'bytes',
60 silly registry.get     via: '1.1 varnish',
60 silly registry.get     age: '0',
60 silly registry.get     'x-served-by': 'cache-ams4145-AMS',
60 silly registry.get     'x-cache': 'HIT',
60 silly registry.get     'x-cache-hits': '1',
60 silly registry.get     'x-timer': 'S1421317783.024116,VS0,VE644',
60 silly registry.get     vary: 'Accept',
60 silly registry.get     'keep-alive': 'timeout=10, max=50',
60 silly registry.get     connection: 'Keep-Alive' } ]
61 silly addNameRange number 2 { name: 'sudo', range: '*', hasData: true }
62 silly addNameRange versions [ 'sudo', [ '1.0.0', '1.0.1', '1.0.2', '1.0.3' ] ]
63 verbose addNamed [ 'sudo', '1.0.3' ]
64 verbose addNamed [ '1.0.3', '1.0.3' ]
65 silly lockFile 2f2ed0f4-sudo-1-0-3 sudo@1.0.3
66 verbose lock sudo@1.0.3 /Users/Lars-mac/.npm/2f2ed0f4-sudo-1-0-3.lock
67 silly lockFile 2e6f571a-ry-npmjs-org-sudo-sudo-1-0-3-tgz https://registry.npmjs.org/sudo/-/sudo-1.0.3.tgz
68 verbose lock https://registry.npmjs.org/sudo/-/sudo-1.0.3.tgz /Users/Lars-mac/.npm/2e6f571a-ry-npmjs-org-sudo-sudo-1-0-3-tgz.lock
69 verbose addRemoteTarball [ 'https://registry.npmjs.org/sudo/-/sudo-1.0.3.tgz',
69 verbose addRemoteTarball   'ccf28669120f8b74f82b846dff7f1c95120eff20' ]
70 info retry fetch attempt 1 at 11:29:43
71 verbose fetch to= /var/folders/_9/xhr2my692pn0s1xxv3765k4r0000gn/T/npm-910-sSPRoYsy/registry.npmjs.org/sudo/-/sudo-1.0.3.tgz
72 http GET https://registry.npmjs.org/sudo/-/sudo-1.0.3.tgz
73 http 200 https://registry.npmjs.org/sudo/-/sudo-1.0.3.tgz
74 silly lockFile 2e6f571a-ry-npmjs-org-sudo-sudo-1-0-3-tgz https://registry.npmjs.org/sudo/-/sudo-1.0.3.tgz
75 silly lockFile 2e6f571a-ry-npmjs-org-sudo-sudo-1-0-3-tgz https://registry.npmjs.org/sudo/-/sudo-1.0.3.tgz
76 silly lockFile 2f2ed0f4-sudo-1-0-3 sudo@1.0.3
77 silly lockFile 2f2ed0f4-sudo-1-0-3 sudo@1.0.3
78 silly lockFile f2741ec4-sudo sudo@
79 silly lockFile f2741ec4-sudo sudo@
80 silly resolved [ { name: 'flightplan',
80 silly resolved     description: 'Library for streamlining application deployment or systems administration tasks',
80 silly resolved     version: '0.5.5',
80 silly resolved     author: { name: 'Patrick Stadler', email: 'patrick.stadler@gmail.com' },
80 silly resolved     keywords:
80 silly resolved      [ 'deploy',
80 silly resolved        'deployment',
80 silly resolved        'commands',
80 silly resolved        'devops',
80 silly resolved        'exec',
80 silly resolved        'shell',
80 silly resolved        'ssh',
80 silly resolved        'tasks',
80 silly resolved        'parallel',
80 silly resolved        'sequential',
80 silly resolved        'remote',
80 silly resolved        'local',
80 silly resolved        'fabric' ],
80 silly resolved     homepage: 'https://github.com/pstadler/flightplan',
80 silly resolved     repository: { type: 'git', url: 'https://github.com/pstadler/flightplan' },
80 silly resolved     bugs: { url: 'https://github.com/pstadler/flightplan/issues' },
80 silly resolved     bin: { fly: './bin/fly.js' },
80 silly resolved     scripts: { test: 'echo "Error: no test specified" && exit 1' },
80 silly resolved     dependencies:
80 silly resolved      { byline: '^4.1.1',
80 silly resolved        chalk: '^0.5.1',
80 silly resolved        fibers: '^1.0.2',
80 silly resolved        liftoff: '^0.13.6',
80 silly resolved        nopt: '^3.0.1',
80 silly resolved        'pretty-hrtime': '^0.2.2',
80 silly resolved        prompt: '^0.2.14',
80 silly resolved        semver: '^4.1.0',
80 silly resolved        ssh2: '^0.3.6',
80 silly resolved        'temp-write': '^1.1.0',
80 silly resolved        'util-extend': '^1.0.1',
80 silly resolved        v8flags: '^1.0.1' },
80 silly resolved     license: 'MIT',
80 silly resolved     devDependencies:
80 silly resolved      { gulp: '^3.8.10',
80 silly resolved        'gulp-jshint': '^1.9.0',
80 silly resolved        'jshint-stylish': '^1.0.0',
80 silly resolved        markdox: '^0.1.7' },
80 silly resolved     gitHead: 'e07edc785995844bd2d4190f9e54ffa38d7d06dc',
80 silly resolved     _id: 'flightplan@0.5.5',
80 silly resolved     _shasum: '8bca5341b154e9aa4d4b94c41d7bac45ea6e37ac',
80 silly resolved     _from: 'flightplan@',
80 silly resolved     _npmVersion: '2.1.7',
80 silly resolved     _nodeVersion: '0.10.33',
80 silly resolved     _npmUser: { name: 'pstadler', email: 'patrick.stadler@gmail.com' },
80 silly resolved     maintainers: [ [Object] ],
80 silly resolved     dist:
80 silly resolved      { shasum: '8bca5341b154e9aa4d4b94c41d7bac45ea6e37ac',
80 silly resolved        tarball: 'http://registry.npmjs.org/flightplan/-/flightplan-0.5.5.tgz' },
80 silly resolved     directories: {},
80 silly resolved     _resolved: 'https://registry.npmjs.org/flightplan/-/flightplan-0.5.5.tgz',
80 silly resolved     readme: 'ERROR: No README data found!' },
80 silly resolved   { author:
80 silly resolved      { name: 'Jakob Borg',
80 silly resolved        email: 'jakob@nym.se',
80 silly resolved        url: 'http://nym.se/' },
80 silly resolved     name: 'sudo',
80 silly resolved     description: 'Wrap sudo with optional password cache',
80 silly resolved     version: '1.0.3',
80 silly resolved     homepage: 'https://github.com/calmh/node-sudo',
80 silly resolved     repository: { type: 'git', url: 'git://github.com/calmh/node-sudo.git' },
80 silly resolved     main: 'lib/sudo.js',
80 silly resolved     dependencies: { inpath: '~1.0.2', read: '~1.0.3', pidof: '~1.0.2' },
80 silly resolved     devDependencies: {},
80 silly resolved     optionalDependencies: {},
80 silly resolved     engines: { node: '>=0.8' },
80 silly resolved     readme: 'node-sudo\n=========\n\nA `child_process.spawn` but with `sudo` in between. The `sudo` password dialog\nis abstracted away so that the calling Node script can interact with the\nprogram that is run under `sudo` without worrying about it.\n\nSynopsis\n--------\n\n```javascript\nsudo(args, options)\n```\n\n - `args`: An array of arguments to `sudo`. Can be both options (such as `-v`\n   or `-E`) and the program to run. Example: `[\'ls\']`.\n\n - `options`: An optional object containing options. Recognized options are:\n\n    - `cachePassword`: Boolean; whether to remember the password between\n      invocations or not.\n\n    - `prompt`: String; what to display to the user when the password is\n      needed.\n\n    - `spawnOptions`: Object; passed on directly to `spawn`. `stdio` or\n      `customFds` will be overwritten.\n\nExample\n-------\n\n```javascript\nvar sudo = require(\'sudo\');\nvar options = {\n    cachePassword: true,\n    prompt: \'Password, yo? \',\n    spawnOptions: { /* other options for spawn */ }\n};\nvar child = sudo([ \'ls\', \'-l\', \'/tmp\' ], options);\nchild.stdout.on(\'data\', function (data) {\n    console.log(data.toString());\n});\n```\n\nLicense\n-------\n\nMIT\n',
80 silly resolved     _id: 'sudo@1.0.3',
80 silly resolved     dist:
80 silly resolved      { shasum: 'ccf28669120f8b74f82b846dff7f1c95120eff20',
80 silly resolved        tarball: 'http://registry.npmjs.org/sudo/-/sudo-1.0.3.tgz' },
80 silly resolved     _npmVersion: '1.1.62',
80 silly resolved     _npmUser: { name: 'calmh', email: 'jakob@nym.se' },
80 silly resolved     maintainers: [ [Object] ],
80 silly resolved     directories: {},
80 silly resolved     _shasum: 'ccf28669120f8b74f82b846dff7f1c95120eff20',
80 silly resolved     _from: 'sudo@',
80 silly resolved     _resolved: 'https://registry.npmjs.org/sudo/-/sudo-1.0.3.tgz' } ]
81 info install flightplan@0.5.5 into /usr/local/lib
82 info install sudo@1.0.3 into /usr/local/lib
83 info installOne flightplan@0.5.5
84 info installOne sudo@1.0.3
85 verbose lib/node_modules/flightplan unbuild
86 verbose tar unpack /Users/Lars-mac/.npm/flightplan/0.5.5/package.tgz
87 silly lockFile c6ccae11-ocal-lib-node-modules-flightplan tar:///usr/local/lib/node_modules/flightplan
88 verbose lock tar:///usr/local/lib/node_modules/flightplan /Users/Lars-mac/.npm/c6ccae11-ocal-lib-node-modules-flightplan.lock
89 silly lockFile 767d1696-npm-flightplan-0-5-5-package-tgz tar:///Users/Lars-mac/.npm/flightplan/0.5.5/package.tgz
90 verbose lock tar:///Users/Lars-mac/.npm/flightplan/0.5.5/package.tgz /Users/Lars-mac/.npm/767d1696-npm-flightplan-0-5-5-package-tgz.lock
91 verbose lib/node_modules/sudo unbuild
92 verbose tar unpack /Users/Lars-mac/.npm/sudo/1.0.3/package.tgz
93 silly lockFile 6deccac6--usr-local-lib-node-modules-sudo tar:///usr/local/lib/node_modules/sudo
94 verbose lock tar:///usr/local/lib/node_modules/sudo /Users/Lars-mac/.npm/6deccac6--usr-local-lib-node-modules-sudo.lock
95 silly lockFile 39863a38-s-mac-npm-sudo-1-0-3-package-tgz tar:///Users/Lars-mac/.npm/sudo/1.0.3/package.tgz
96 verbose lock tar:///Users/Lars-mac/.npm/sudo/1.0.3/package.tgz /Users/Lars-mac/.npm/39863a38-s-mac-npm-sudo-1-0-3-package-tgz.lock
97 silly gunzTarPerm modes [ '755', '644' ]
98 error Error: EACCES, mkdir '/usr/local/lib/node_modules/sudo'
98 error  { [Error: EACCES, mkdir '/usr/local/lib/node_modules/sudo']
98 error   errno: 3,
98 error   code: 'EACCES',
98 error   path: '/usr/local/lib/node_modules/sudo',
98 error   fstream_type: 'Directory',
98 error   fstream_path: '/usr/local/lib/node_modules/sudo',
98 error   fstream_class: 'DirWriter',
98 error   fstream_stack:
98 error    [ '/usr/local/lib/node_modules/npm/node_modules/fstream/lib/dir-writer.js:36:23',
98 error      '/usr/local/lib/node_modules/npm/node_modules/mkdirp/index.js:46:53',
98 error      'Object.oncomplete (fs.js:107:15)' ] }
99 error Please try running this command again as root/Administrator.
100 error System Darwin 14.0.0
101 error command "/usr/local/bin/node" "/usr/local/bin/npm" "install" "-g" "flightplan" "sudo"
102 error cwd /Users/Lars-mac/Desktop/Team-site
103 error node -v v0.10.33
104 error npm -v 1.4.28
105 error path /usr/local/lib/node_modules/sudo
106 error fstream_path /usr/local/lib/node_modules/sudo
107 error fstream_type Directory
108 error fstream_class DirWriter
109 error code EACCES
110 error errno 3
111 error stack Error: EACCES, mkdir '/usr/local/lib/node_modules/sudo'
112 error fstream_stack /usr/local/lib/node_modules/npm/node_modules/fstream/lib/dir-writer.js:36:23
112 error fstream_stack /usr/local/lib/node_modules/npm/node_modules/mkdirp/index.js:46:53
112 error fstream_stack Object.oncomplete (fs.js:107:15)
113 verbose exit [ 3, true ]
